
jun 02, 2018 21:36:38.63 NEW SESSION
jun 02, 2018 21:36:38.63 Unable to read VR Path Registry from C:\Users\thiag\AppData\Local\openvr\openvrpaths.vrpath
jun 02, 2018 21:36:44.69 Unable to read VR Path Registry from C:\Users\thiag\AppData\Local\openvr\openvrpaths.vrpath
jun 02, 2018 21:36:50.61 Unable to read VR Path Registry from C:\Users\thiag\AppData\Local\openvr\openvrpaths.vrpath
jun 02, 2018 21:37:01.34 Unable to read VR Path Registry from C:\Users\thiag\AppData\Local\openvr\openvrpaths.vrpath
jun 02, 2018 21:37:04.12 Unable to read VR Path Registry from C:\Users\thiag\AppData\Local\openvr\openvrpaths.vrpath
jun 02, 2018 21:42:18.52 Unable to read VR Path Registry from C:\Users\thiag\AppData\Local\openvr\openvrpaths.vrpath
jun 02, 2018 22:09:49.29 Unable to read VR Path Registry from C:\Users\thiag\AppData\Local\openvr\openvrpaths.vrpath
jun 02, 2018 22:23:32.34 [Parent 10620, Gecko_IOThread] WARNING: pipe error: 109: file z:/build/build/src/ipc/chromium/src/chrome/common/ipc_channel_win.cc, line 346
jun 02, 2018 22:25:07.64 Unable to read VR Path Registry from C:\Users\thiag\AppData\Local\openvr\openvrpaths.vrpath
jun 02, 2018 22:26:11.96 [Child 12168, Chrome_ChildThread] WARNING: pipe error: 109: file z:/build/build/src/ipc/chromium/src/chrome/common/ipc_channel_win.cc, line 346
jun 02, 2018 22:26:11.97 
jun 02, 2018 22:26:11.97 ###!!! [Child][RunMessage] Error: Channel closing: too late to send/recv, messages will be lost
jun 02, 2018 22:26:11.97 
jun 02, 2018 22:26:11.97 [Child 12168, Chrome_ChildThread] WARNING: pipe error: 109: file z:/build/build/src/ipc/chromium/src/chrome/common/ipc_channel_win.cc, line 346
jun 03, 2018 11:25:07.88 Unable to read VR Path Registry from C:\Users\thiag\AppData\Local\openvr\openvrpaths.vrpath
jun 03, 2018 11:25:09.67 Unable to read VR Path Registry from C:\Users\thiag\AppData\Local\openvr\openvrpaths.vrpath

jun 03, 2018 19:12:00.86 NEW SESSION
jun 03, 2018 19:12:00.86 Unable to read VR Path Registry from C:\Users\thiag\AppData\Local\openvr\openvrpaths.vrpath
jun 03, 2018 19:12:01.10 Unable to read VR Path Registry from C:\Users\thiag\AppData\Local\openvr\openvrpaths.vrpath
jun 03, 2018 19:12:02.49 Unable to read VR Path Registry from C:\Users\thiag\AppData\Local\openvr\openvrpaths.vrpath
jun 03, 2018 19:12:04.05 Unable to read VR Path Registry from C:\Users\thiag\AppData\Local\openvr\openvrpaths.vrpath
jun 03, 2018 19:12:05.17 Unable to read VR Path Registry from C:\Users\thiag\AppData\Local\openvr\openvrpaths.vrpath
jun 03, 2018 19:12:24.55 Unable to read VR Path Registry from C:\Users\thiag\AppData\Local\openvr\openvrpaths.vrpath
jun 04, 2018 08:38:20.78 Unable to read VR Path Registry from C:\Users\thiag\AppData\Local\openvr\openvrpaths.vrpath
jun 04, 2018 08:46:45.04 [Parent 15164, Gecko_IOThread] WARNING: pipe error: 109: file z:/build/build/src/ipc/chromium/src/chrome/common/ipc_channel_win.cc, line 346
jun 04, 2018 08:46:45.05 [Child 7024, Chrome_ChildThread] WARNING: pipe error: 109: file z:/build/build/src/ipc/chromium/src/chrome/common/ipc_channel_win.cc, line 346
jun 04, 2018 08:46:45.05 [Child 7024, Chrome_ChildThread] WARNING: pipe error: 109: file z:/build/build/src/ipc/chromium/src/chrome/common/ipc_channel_win.cc, line 346
jun 04, 2018 09:33:37.48 Unable to read VR Path Registry from C:\Users\thiag\AppData\Local\openvr\openvrpaths.vrpath
jun 04, 2018 09:33:43.24 [Parent 15164, Gecko_IOThread] WARNING: pipe error: 109: file z:/build/build/src/ipc/chromium/src/chrome/common/ipc_channel_win.cc, line 346
jun 04, 2018 09:33:43.26 [Child 6428, Chrome_ChildThread] WARNING: pipe error: 109: file z:/build/build/src/ipc/chromium/src/chrome/common/ipc_channel_win.cc, line 346
jun 04, 2018 09:33:44.57 [Parent 15164, Gecko_IOThread] WARNING: pipe error: 109: file z:/build/build/src/ipc/chromium/src/chrome/common/ipc_channel_win.cc, line 346
jun 04, 2018 09:33:44.59 [Child 6044, Chrome_ChildThread] WARNING: pipe error: 109: file z:/build/build/src/ipc/chromium/src/chrome/common/ipc_channel_win.cc, line 346
jun 04, 2018 09:33:44.59 [Child 6044, Chrome_ChildThread] WARNING: pipe error: 109: file z:/build/build/src/ipc/chromium/src/chrome/common/ipc_channel_win.cc, line 346
jun 04, 2018 18:21:39.24 [Parent 15164, Gecko_IOThread] WARNING: pipe error: 109: file z:/build/build/src/ipc/chromium/src/chrome/common/ipc_channel_win.cc, line 346
jun 04, 2018 18:21:39.35 [Child 12816, Chrome_ChildThread] WARNING: pipe error: 109: file z:/build/build/src/ipc/chromium/src/chrome/common/ipc_channel_win.cc, line 346
jun 04, 2018 18:21:40.10 [Child 12816, Chrome_ChildThread] WARNING: pipe error: 109: file z:/build/build/src/ipc/chromium/src/chrome/common/ipc_channel_win.[Parent 15164, Gecko_IOThread] WARNING: pipe error: 109: file z:/build/build/src/ipc/chromium/src/chrome/common/ipc_channel_win.cc, line 346
